mode: set
Algorithm-Datastruct/golang/Queue/arrayqueue/arrayqueue.go:12.41,19.2 1 1
Algorithm-Datastruct/golang/Queue/arrayqueue/arrayqueue.go:21.43,22.25 1 1
Algorithm-Datastruct/golang/Queue/arrayqueue/arrayqueue.go:25.2,25.27 1 1
Algorithm-Datastruct/golang/Queue/arrayqueue/arrayqueue.go:29.2,29.13 1 1
Algorithm-Datastruct/golang/Queue/arrayqueue/arrayqueue.go:22.25,24.3 1 0
Algorithm-Datastruct/golang/Queue/arrayqueue/arrayqueue.go:25.27,28.3 2 1
Algorithm-Datastruct/golang/Queue/arrayqueue/arrayqueue.go:32.43,33.27 1 1
Algorithm-Datastruct/golang/Queue/arrayqueue/arrayqueue.go:36.2,37.14 2 1
Algorithm-Datastruct/golang/Queue/arrayqueue/arrayqueue.go:33.27,35.3 1 1
Algorithm-Datastruct/golang/Queue/arrayqueue/arrayqueue.go:40.52,41.23 1 1
Algorithm-Datastruct/golang/Queue/arrayqueue/arrayqueue.go:41.23,44.3 2 1
Algorithm-Datastruct/golang/Queue/arrayqueue/arrayqueue.go:44.8,45.20 1 1
Algorithm-Datastruct/golang/Queue/arrayqueue/arrayqueue.go:45.20,47.55 1 1
Algorithm-Datastruct/golang/Queue/arrayqueue/arrayqueue.go:50.4,54.15 4 1
Algorithm-Datastruct/golang/Queue/arrayqueue/arrayqueue.go:47.55,49.5 1 1
Algorithm-Datastruct/golang/Queue/arrayqueue/arrayqueue.go:55.9,58.4 2 0
Algorithm-Datastruct/golang/Queue/arrayqueue/arrayqueue.go:62.35,63.23 1 1
Algorithm-Datastruct/golang/Queue/arrayqueue/arrayqueue.go:63.23,66.3 2 1
Algorithm-Datastruct/golang/Queue/arrayqueue/arrayqueue.go:69.52,70.27 1 0
Algorithm-Datastruct/golang/Queue/arrayqueue/arrayqueue.go:70.27,73.26 3 0
Algorithm-Datastruct/golang/Queue/arrayqueue/arrayqueue.go:77.3,77.19 1 0
Algorithm-Datastruct/golang/Queue/arrayqueue/arrayqueue.go:73.26,76.4 2 0
Algorithm-Datastruct/golang/Queue/arrayqueue/arrayqueue.go:78.8,81.3 2 0
Algorithm-Datastruct/golang/Graph/matrixGraph/graphstore.go:24.39,27.27 2 1
Algorithm-Datastruct/golang/Graph/matrixGraph/graphstore.go:32.2,37.3 1 1
Algorithm-Datastruct/golang/Graph/matrixGraph/graphstore.go:27.27,30.3 2 1
Algorithm-Datastruct/golang/Graph/matrixGraph/graphstore.go:40.46,41.28 1 1
Algorithm-Datastruct/golang/Graph/matrixGraph/graphstore.go:44.2,45.13 2 1
Algorithm-Datastruct/golang/Graph/matrixGraph/graphstore.go:41.28,43.3 1 0
Algorithm-Datastruct/golang/Graph/matrixGraph/graphstore.go:49.57,55.2 5 1
Algorithm-Datastruct/golang/BinarySearch/binarysearch.go:5.51,8.55 3 1
Algorithm-Datastruct/golang/BinarySearch/binarysearch.go:11.2,11.18 1 1
Algorithm-Datastruct/golang/BinarySearch/binarysearch.go:21.2,21.11 1 1
Algorithm-Datastruct/golang/BinarySearch/binarysearch.go:8.55,10.3 1 1
Algorithm-Datastruct/golang/BinarySearch/binarysearch.go:11.18,13.29 2 1
Algorithm-Datastruct/golang/BinarySearch/binarysearch.go:13.29,15.4 1 1
Algorithm-Datastruct/golang/BinarySearch/binarysearch.go:15.9,15.36 1 1
Algorithm-Datastruct/golang/BinarySearch/binarysearch.go:15.36,17.4 1 1
Algorithm-Datastruct/golang/BinarySearch/binarysearch.go:17.9,17.37 1 1
Algorithm-Datastruct/golang/BinarySearch/binarysearch.go:17.37,19.4 1 1
Algorithm-Datastruct/golang/BinarySearch/binarysearch.go:41.54,44.43 3 1
Algorithm-Datastruct/golang/BinarySearch/binarysearch.go:47.2,48.15 2 1
Algorithm-Datastruct/golang/BinarySearch/binarysearch.go:44.43,46.3 1 1
Algorithm-Datastruct/golang/BinarySearch/binarysearch.go:51.53,53.16 1 1
Algorithm-Datastruct/golang/BinarySearch/binarysearch.go:56.2,57.23 2 1
Algorithm-Datastruct/golang/BinarySearch/binarysearch.go:53.16,55.3 1 1
Algorithm-Datastruct/golang/BinarySearch/binarysearch.go:57.23,59.3 1 1
Algorithm-Datastruct/golang/BinarySearch/binarysearch.go:59.8,59.29 1 1
Algorithm-Datastruct/golang/BinarySearch/binarysearch.go:59.29,61.3 1 1
Algorithm-Datastruct/golang/BinarySearch/binarysearch.go:61.8,61.29 1 1
Algorithm-Datastruct/golang/BinarySearch/binarysearch.go:61.29,63.3 1 1
Algorithm-Datastruct/golang/BinarySearch/binarysearch.go:63.8,65.3 1 0
Algorithm-Datastruct/golang/BinarySearch/BinarySearchChange.go:3.48,6.49 3 1
Algorithm-Datastruct/golang/BinarySearch/BinarySearchChange.go:9.2,9.18 1 1
Algorithm-Datastruct/golang/BinarySearch/BinarySearchChange.go:23.2,23.11 1 1
Algorithm-Datastruct/golang/BinarySearch/BinarySearchChange.go:6.49,8.3 1 1
Algorithm-Datastruct/golang/BinarySearch/BinarySearchChange.go:9.18,11.26 2 1
Algorithm-Datastruct/golang/BinarySearch/BinarySearchChange.go:11.26,13.4 1 1
Algorithm-Datastruct/golang/BinarySearch/BinarySearchChange.go:13.9,13.33 1 1
Algorithm-Datastruct/golang/BinarySearch/BinarySearchChange.go:13.33,15.4 1 1
Algorithm-Datastruct/golang/BinarySearch/BinarySearchChange.go:15.9,16.42 1 1
Algorithm-Datastruct/golang/BinarySearch/BinarySearchChange.go:16.42,18.5 1 1
Algorithm-Datastruct/golang/BinarySearch/BinarySearchChange.go:18.10,20.5 1 0
Algorithm-Datastruct/golang/BinarySearch/BinarySearchChange.go:26.48,29.49 3 1
Algorithm-Datastruct/golang/BinarySearch/BinarySearchChange.go:32.2,32.18 1 1
Algorithm-Datastruct/golang/BinarySearch/BinarySearchChange.go:46.2,46.11 1 1
Algorithm-Datastruct/golang/BinarySearch/BinarySearchChange.go:29.49,31.3 1 1
Algorithm-Datastruct/golang/BinarySearch/BinarySearchChange.go:32.18,34.26 2 1
Algorithm-Datastruct/golang/BinarySearch/BinarySearchChange.go:34.26,36.4 1 1
Algorithm-Datastruct/golang/BinarySearch/BinarySearchChange.go:36.9,36.33 1 1
Algorithm-Datastruct/golang/BinarySearch/BinarySearchChange.go:36.33,38.4 1 1
Algorithm-Datastruct/golang/BinarySearch/BinarySearchChange.go:38.9,39.53 1 1
Algorithm-Datastruct/golang/BinarySearch/BinarySearchChange.go:39.53,41.5 1 1
Algorithm-Datastruct/golang/BinarySearch/BinarySearchChange.go:41.10,43.5 1 1
Algorithm-Datastruct/golang/BinarySearch/BinarySearchChange.go:50.50,53.18 3 1
Algorithm-Datastruct/golang/BinarySearch/BinarySearchChange.go:64.2,64.11 1 1
Algorithm-Datastruct/golang/BinarySearch/BinarySearchChange.go:53.18,55.27 2 1
Algorithm-Datastruct/golang/BinarySearch/BinarySearchChange.go:55.27,56.41 1 1
Algorithm-Datastruct/golang/BinarySearch/BinarySearchChange.go:59.4,59.18 1 1
Algorithm-Datastruct/golang/BinarySearch/BinarySearchChange.go:56.41,58.5 1 1
Algorithm-Datastruct/golang/BinarySearch/BinarySearchChange.go:60.9,60.33 1 1
Algorithm-Datastruct/golang/BinarySearch/BinarySearchChange.go:60.33,62.4 1 1
Algorithm-Datastruct/golang/BinarySearch/BinarySearchChange.go:68.47,71.18 3 1
Algorithm-Datastruct/golang/BinarySearch/BinarySearchChange.go:82.2,82.11 1 0
Algorithm-Datastruct/golang/BinarySearch/BinarySearchChange.go:71.18,73.27 2 1
Algorithm-Datastruct/golang/BinarySearch/BinarySearchChange.go:73.27,74.52 1 1
Algorithm-Datastruct/golang/BinarySearch/BinarySearchChange.go:77.4,77.17 1 1
Algorithm-Datastruct/golang/BinarySearch/BinarySearchChange.go:74.52,76.5 1 1
Algorithm-Datastruct/golang/BinarySearch/BinarySearchChange.go:78.9,78.33 1 1
Algorithm-Datastruct/golang/BinarySearch/BinarySearchChange.go:78.33,80.4 1 1
Algorithm-Datastruct/golang/Graph/ListGraph/listgraph.go:13.31,18.2 1 1
Algorithm-Datastruct/golang/Graph/ListGraph/listgraph.go:25.39,30.2 1 1
Algorithm-Datastruct/golang/Graph/ListGraph/listgraph.go:32.47,33.34 1 1
Algorithm-Datastruct/golang/Graph/ListGraph/listgraph.go:36.2,36.49 1 1
Algorithm-Datastruct/golang/Graph/ListGraph/listgraph.go:33.34,35.3 1 0
Algorithm-Datastruct/golang/Graph/ListGraph/listgraph.go:39.53,40.38 1 1
Algorithm-Datastruct/golang/Graph/ListGraph/listgraph.go:40.38,41.27 1 1
Algorithm-Datastruct/golang/Graph/ListGraph/listgraph.go:41.27,45.4 3 1
Algorithm-Datastruct/golang/Graph/ListGraph/listgraph.go:49.38,50.35 1 1
Algorithm-Datastruct/golang/Graph/ListGraph/listgraph.go:50.35,51.7 1 1
Algorithm-Datastruct/golang/Graph/ListGraph/listgraph.go:59.3,59.21 1 1
Algorithm-Datastruct/golang/Graph/ListGraph/listgraph.go:51.7,52.20 1 1
Algorithm-Datastruct/golang/Graph/ListGraph/listgraph.go:52.20,55.5 2 1
Algorithm-Datastruct/golang/Graph/ListGraph/listgraph.go:55.10,56.10 1 1
Algorithm-Datastruct/golang/Graph/ListGraph/listgraph.go:63.63,64.22 1 1
Algorithm-Datastruct/golang/Graph/ListGraph/listgraph.go:67.2,70.39 4 1
Algorithm-Datastruct/golang/Graph/ListGraph/listgraph.go:75.2,80.6 5 1
Algorithm-Datastruct/golang/Graph/ListGraph/listgraph.go:64.22,66.3 1 1
Algorithm-Datastruct/golang/Graph/ListGraph/listgraph.go:70.39,73.3 2 1
Algorithm-Datastruct/golang/Graph/ListGraph/listgraph.go:80.6,81.25 1 1
Algorithm-Datastruct/golang/Graph/ListGraph/listgraph.go:81.25,83.27 2 1
Algorithm-Datastruct/golang/Graph/ListGraph/listgraph.go:83.27,87.43 3 1
Algorithm-Datastruct/golang/Graph/ListGraph/listgraph.go:87.43,88.25 1 1
Algorithm-Datastruct/golang/Graph/ListGraph/listgraph.go:88.25,92.7 3 1
Algorithm-Datastruct/golang/Graph/ListGraph/listgraph.go:94.10,97.5 2 1
Algorithm-Datastruct/golang/Graph/ListGraph/listgraph.go:102.61,103.44 1 1
Algorithm-Datastruct/golang/Graph/ListGraph/listgraph.go:106.2,107.8 2 1
Algorithm-Datastruct/golang/Graph/ListGraph/listgraph.go:103.44,105.3 1 1
Algorithm-Datastruct/golang/Graph/ListGraph/listgraph.go:110.55,112.34 2 1
Algorithm-Datastruct/golang/Graph/ListGraph/listgraph.go:124.2,124.15 1 1
Algorithm-Datastruct/golang/Graph/ListGraph/listgraph.go:112.34,113.27 1 1
Algorithm-Datastruct/golang/Graph/ListGraph/listgraph.go:113.27,114.8 1 1
Algorithm-Datastruct/golang/Graph/ListGraph/listgraph.go:114.8,116.20 2 1
Algorithm-Datastruct/golang/Graph/ListGraph/listgraph.go:116.20,118.6 1 1
Algorithm-Datastruct/golang/Graph/ListGraph/listgraph.go:118.11,119.11 1 1
Algorithm-Datastruct/golang/Graph/ListGraph/listgraph.go:129.62,130.22 1 1
Algorithm-Datastruct/golang/Graph/ListGraph/listgraph.go:133.2,135.39 3 1
Algorithm-Datastruct/golang/Graph/ListGraph/listgraph.go:141.2,143.38 2 1
Algorithm-Datastruct/golang/Graph/ListGraph/listgraph.go:130.22,132.3 1 0
Algorithm-Datastruct/golang/Graph/ListGraph/listgraph.go:135.39,138.3 2 1
Algorithm-Datastruct/golang/Graph/ListGraph/listgraph.go:146.83,147.11 1 1
Algorithm-Datastruct/golang/Graph/ListGraph/listgraph.go:150.2,152.22 2 1
Algorithm-Datastruct/golang/Graph/ListGraph/listgraph.go:156.2,157.37 2 1
Algorithm-Datastruct/golang/Graph/ListGraph/listgraph.go:163.2,163.8 1 1
Algorithm-Datastruct/golang/Graph/ListGraph/listgraph.go:147.11,149.3 1 1
Algorithm-Datastruct/golang/Graph/ListGraph/listgraph.go:152.22,155.3 2 1
Algorithm-Datastruct/golang/Graph/ListGraph/listgraph.go:157.37,158.22 1 1
Algorithm-Datastruct/golang/Graph/ListGraph/listgraph.go:158.22,161.4 2 1
Algorithm-Datastruct/golang/Stack/linklistStack/stack.go:17.32,21.2 1 0
Algorithm-Datastruct/golang/Stack/linklistStack/stack.go:23.39,24.21 1 0
Algorithm-Datastruct/golang/Stack/linklistStack/stack.go:27.2,27.14 1 0
Algorithm-Datastruct/golang/Stack/linklistStack/stack.go:24.21,26.3 1 0
Algorithm-Datastruct/golang/Stack/linklistStack/stack.go:30.44,31.20 1 0
Algorithm-Datastruct/golang/Stack/linklistStack/stack.go:42.2,42.8 1 0
Algorithm-Datastruct/golang/Stack/linklistStack/stack.go:31.20,36.3 1 0
Algorithm-Datastruct/golang/Stack/linklistStack/stack.go:36.8,41.3 1 0
Algorithm-Datastruct/golang/Stack/linklistStack/stack.go:45.30,46.20 1 0
Algorithm-Datastruct/golang/Stack/linklistStack/stack.go:46.20,48.3 1 0
Algorithm-Datastruct/golang/Stack/linklistStack/stack.go:48.8,50.3 1 0
Algorithm-Datastruct/golang/Stack/linklistStack/stack.go:53.37,55.6 2 0
Algorithm-Datastruct/golang/Stack/linklistStack/stack.go:63.2,64.15 2 0
Algorithm-Datastruct/golang/Stack/linklistStack/stack.go:55.6,56.22 1 0
Algorithm-Datastruct/golang/Stack/linklistStack/stack.go:56.22,59.4 2 0
Algorithm-Datastruct/golang/Stack/linklistStack/stack.go:59.9,60.9 1 0
Algorithm-Datastruct/golang/Stack/linklistStack/stack.go:67.32,68.20 1 0
Algorithm-Datastruct/golang/Stack/linklistStack/stack.go:71.2,71.16 1 0
Algorithm-Datastruct/golang/Stack/linklistStack/stack.go:68.20,70.3 1 0
Algorithm-Datastruct/golang/Queue/cyclequeue/cyclequeue.go:12.41,19.2 1 1
Algorithm-Datastruct/golang/Queue/cyclequeue/cyclequeue.go:20.43,21.41 1 1
Algorithm-Datastruct/golang/Queue/cyclequeue/cyclequeue.go:24.2,24.13 1 1
Algorithm-Datastruct/golang/Queue/cyclequeue/cyclequeue.go:21.41,23.3 1 1
Algorithm-Datastruct/golang/Queue/cyclequeue/cyclequeue.go:27.43,28.28 1 1
Algorithm-Datastruct/golang/Queue/cyclequeue/cyclequeue.go:31.2,31.13 1 1
Algorithm-Datastruct/golang/Queue/cyclequeue/cyclequeue.go:28.28,30.3 1 0
Algorithm-Datastruct/golang/Queue/cyclequeue/cyclequeue.go:34.52,35.23 1 1
Algorithm-Datastruct/golang/Queue/cyclequeue/cyclequeue.go:35.23,37.30 2 1
Algorithm-Datastruct/golang/Queue/cyclequeue/cyclequeue.go:41.3,41.14 1 1
Algorithm-Datastruct/golang/Queue/cyclequeue/cyclequeue.go:37.30,40.4 2 1
Algorithm-Datastruct/golang/Queue/cyclequeue/cyclequeue.go:45.35,46.23 1 1
Algorithm-Datastruct/golang/Queue/cyclequeue/cyclequeue.go:46.23,49.30 2 1
Algorithm-Datastruct/golang/Queue/cyclequeue/cyclequeue.go:53.3,53.14 1 1
Algorithm-Datastruct/golang/Queue/cyclequeue/cyclequeue.go:49.30,52.4 2 0
Algorithm-Datastruct/golang/Queue/cyclequeue/cyclequeue.go:57.52,58.104 1 0
Algorithm-Datastruct/golang/Queue/cyclequeue/cyclequeue.go:61.2,61.18 1 0
Algorithm-Datastruct/golang/Queue/cyclequeue/cyclequeue.go:58.104,60.3 1 0
Algorithm-Datastruct/golang/Sort/MergeSort.go:3.46,7.43 4 1
Algorithm-Datastruct/golang/Sort/MergeSort.go:16.2,16.20 1 1
Algorithm-Datastruct/golang/Sort/MergeSort.go:21.2,21.15 1 1
Algorithm-Datastruct/golang/Sort/MergeSort.go:7.43,8.39 1 1
Algorithm-Datastruct/golang/Sort/MergeSort.go:8.39,11.4 2 1
Algorithm-Datastruct/golang/Sort/MergeSort.go:11.9,14.4 2 1
Algorithm-Datastruct/golang/Sort/MergeSort.go:16.20,18.3 1 1
Algorithm-Datastruct/golang/Sort/MergeSort.go:18.8,20.3 1 1
Algorithm-Datastruct/golang/Sort/MergeSort.go:24.36,25.20 1 1
Algorithm-Datastruct/golang/Sort/MergeSort.go:28.2,32.19 5 1
Algorithm-Datastruct/golang/Sort/MergeSort.go:25.20,27.3 1 1
Algorithm-Datastruct/golang/Sort/QuickSort.go:3.36,4.21 1 1
Algorithm-Datastruct/golang/Sort/QuickSort.go:7.2,14.20 7 1
Algorithm-Datastruct/golang/Sort/QuickSort.go:4.21,6.3 1 1
Algorithm-Datastruct/golang/Sort/QuickSort.go:17.47,19.30 2 1
Algorithm-Datastruct/golang/Sort/QuickSort.go:24.2,24.15 1 1
Algorithm-Datastruct/golang/Sort/QuickSort.go:19.30,20.21 1 1
Algorithm-Datastruct/golang/Sort/QuickSort.go:20.21,22.4 1 1
Algorithm-Datastruct/golang/Sort/QuickSort.go:27.48,29.30 2 1
Algorithm-Datastruct/golang/Sort/QuickSort.go:34.2,34.15 1 1
Algorithm-Datastruct/golang/Sort/QuickSort.go:29.30,30.21 1 1
Algorithm-Datastruct/golang/Sort/QuickSort.go:30.21,32.4 1 1
Algorithm-Datastruct/golang/Sort/QuickSort.go:36.46,38.30 2 1
Algorithm-Datastruct/golang/Sort/QuickSort.go:43.2,43.15 1 1
Algorithm-Datastruct/golang/Sort/QuickSort.go:38.30,39.22 1 1
Algorithm-Datastruct/golang/Sort/QuickSort.go:39.22,41.4 1 1
Algorithm-Datastruct/golang/Sort/SelectSort.go:4.37,5.30 1 1
Algorithm-Datastruct/golang/Sort/SelectSort.go:12.2,12.14 1 1
Algorithm-Datastruct/golang/Sort/SelectSort.go:5.30,6.42 1 1
Algorithm-Datastruct/golang/Sort/SelectSort.go:6.42,7.45 1 1
Algorithm-Datastruct/golang/Sort/SelectSort.go:7.45,9.5 1 1
Algorithm-Datastruct/golang/Sort/BubbleSort.go:3.37,5.49 2 1
Algorithm-Datastruct/golang/Sort/BubbleSort.go:13.2,13.14 1 1
Algorithm-Datastruct/golang/Sort/BubbleSort.go:5.49,7.40 1 1
Algorithm-Datastruct/golang/Sort/BubbleSort.go:7.40,8.39 1 1
Algorithm-Datastruct/golang/Sort/BubbleSort.go:8.39,10.5 1 1
Algorithm-Datastruct/golang/Sort/FindNumInn.go:6.43,8.21 2 1
Algorithm-Datastruct/golang/Sort/FindNumInn.go:11.2,14.23 4 1
Algorithm-Datastruct/golang/Sort/FindNumInn.go:21.2,21.13 1 1
Algorithm-Datastruct/golang/Sort/FindNumInn.go:8.21,10.3 1 1
Algorithm-Datastruct/golang/Sort/FindNumInn.go:14.23,16.3 1 1
Algorithm-Datastruct/golang/Sort/FindNumInn.go:16.8,16.60 1 0
Algorithm-Datastruct/golang/Sort/FindNumInn.go:16.60,18.3 1 0
Algorithm-Datastruct/golang/Sort/FindNumInn.go:18.8,18.39 1 0
Algorithm-Datastruct/golang/Sort/FindNumInn.go:18.39,20.3 1 0
Algorithm-Datastruct/golang/Sort/InsertSort.go:3.37,4.30 1 1
Algorithm-Datastruct/golang/Sort/InsertSort.go:11.2,11.14 1 1
Algorithm-Datastruct/golang/Sort/InsertSort.go:4.30,5.63 1 1
Algorithm-Datastruct/golang/Sort/InsertSort.go:5.63,6.51 1 1
Algorithm-Datastruct/golang/Sort/InsertSort.go:6.51,8.5 1 1
Algorithm-Datastruct/golang/Sort/InsertSort.go:49.35,50.30 1 0
Algorithm-Datastruct/golang/Sort/InsertSort.go:57.2,57.14 1 0
Algorithm-Datastruct/golang/Sort/InsertSort.go:50.30,51.42 1 0
Algorithm-Datastruct/golang/Sort/InsertSort.go:51.42,52.45 1 0
Algorithm-Datastruct/golang/Sort/InsertSort.go:52.45,54.5 1 0
Algorithm-Datastruct/golang/Recursion/recursion.go:3.22,4.12 1 1
Algorithm-Datastruct/golang/Recursion/recursion.go:7.2,7.12 1 1
Algorithm-Datastruct/golang/Recursion/recursion.go:10.2,10.30 1 1
Algorithm-Datastruct/golang/Recursion/recursion.go:4.12,6.3 1 1
Algorithm-Datastruct/golang/Recursion/recursion.go:7.12,9.3 1 1
Algorithm-Datastruct/golang/Recursion/recursion.go:13.31,14.12 1 1
Algorithm-Datastruct/golang/Recursion/recursion.go:17.2,17.12 1 1
Algorithm-Datastruct/golang/Recursion/recursion.go:20.2,23.26 4 1
Algorithm-Datastruct/golang/Recursion/recursion.go:28.2,28.12 1 1
Algorithm-Datastruct/golang/Recursion/recursion.go:14.12,16.3 1 0
Algorithm-Datastruct/golang/Recursion/recursion.go:17.12,19.3 1 0
Algorithm-Datastruct/golang/Recursion/recursion.go:23.26,27.3 3 1
Algorithm-Datastruct/golang/Recursion/recursion.go:31.27,32.11 1 1
Algorithm-Datastruct/golang/Recursion/recursion.go:35.2,35.12 1 1
Algorithm-Datastruct/golang/Recursion/recursion.go:38.2,38.12 1 1
Algorithm-Datastruct/golang/Recursion/recursion.go:41.2,42.15 2 1
Algorithm-Datastruct/golang/Recursion/recursion.go:32.11,34.3 1 0
Algorithm-Datastruct/golang/Recursion/recursion.go:35.12,37.3 1 1
Algorithm-Datastruct/golang/Recursion/recursion.go:38.12,40.3 1 1
Algorithm-Datastruct/golang/Recursion/recursion.go:45.27,46.12 1 1
Algorithm-Datastruct/golang/Recursion/recursion.go:49.2,50.15 2 1
Algorithm-Datastruct/golang/Recursion/recursion.go:46.12,48.3 1 1
Algorithm-Datastruct/golang/Recursion/recursion.go:53.31,54.14 1 1
Algorithm-Datastruct/golang/Recursion/recursion.go:57.2,57.14 1 1
Algorithm-Datastruct/golang/Recursion/recursion.go:60.2,60.39 1 1
Algorithm-Datastruct/golang/Recursion/recursion.go:54.14,56.3 1 1
Algorithm-Datastruct/golang/Recursion/recursion.go:57.14,59.3 1 1
Algorithm-Datastruct/golang/array/newarray.go:13.35,14.14 1 0
Algorithm-Datastruct/golang/array/newarray.go:17.2,20.3 1 0
Algorithm-Datastruct/golang/array/newarray.go:14.14,16.3 1 0
Algorithm-Datastruct/golang/array/newarray.go:23.13,25.27 2 0
Algorithm-Datastruct/golang/array/newarray.go:31.2,34.26 3 0
Algorithm-Datastruct/golang/array/newarray.go:40.2,41.41 2 0
Algorithm-Datastruct/golang/array/newarray.go:25.27,26.47 1 0
Algorithm-Datastruct/golang/array/newarray.go:26.47,28.4 1 0
Algorithm-Datastruct/golang/array/newarray.go:34.26,35.50 1 0
Algorithm-Datastruct/golang/array/newarray.go:35.50,37.4 1 0
Algorithm-Datastruct/golang/array/newarray.go:44.53,45.42 1 0
Algorithm-Datastruct/golang/array/newarray.go:48.2,48.14 1 0
Algorithm-Datastruct/golang/array/newarray.go:45.42,47.3 1 0
Algorithm-Datastruct/golang/array/newarray.go:51.55,52.35 1 0
Algorithm-Datastruct/golang/array/newarray.go:57.2,57.30 1 0
Algorithm-Datastruct/golang/array/newarray.go:60.2,60.29 1 0
Algorithm-Datastruct/golang/array/newarray.go:65.2,65.46 1 0
Algorithm-Datastruct/golang/array/newarray.go:68.2,70.12 3 0
Algorithm-Datastruct/golang/array/newarray.go:52.35,56.3 3 0
Algorithm-Datastruct/golang/array/newarray.go:57.30,59.3 1 0
Algorithm-Datastruct/golang/array/newarray.go:60.29,64.3 3 0
Algorithm-Datastruct/golang/array/newarray.go:65.46,67.3 1 0
Algorithm-Datastruct/golang/array/newarray.go:73.48,74.30 1 0
Algorithm-Datastruct/golang/array/newarray.go:77.2,77.29 1 0
Algorithm-Datastruct/golang/array/newarray.go:80.2,80.45 1 0
Algorithm-Datastruct/golang/array/newarray.go:83.2,85.12 3 0
Algorithm-Datastruct/golang/array/newarray.go:74.30,76.3 1 0
Algorithm-Datastruct/golang/array/newarray.go:77.29,79.3 1 0
Algorithm-Datastruct/golang/array/newarray.go:80.45,82.3 1 0
Algorithm-Datastruct/golang/array/newarray.go:88.56,90.6 2 0
Algorithm-Datastruct/golang/array/newarray.go:130.2,133.36 3 0
Algorithm-Datastruct/golang/array/newarray.go:143.2,143.11 1 0
Algorithm-Datastruct/golang/array/newarray.go:90.6,91.49 1 0
Algorithm-Datastruct/golang/array/newarray.go:91.49,92.44 1 0
Algorithm-Datastruct/golang/array/newarray.go:92.44,93.84 1 0
Algorithm-Datastruct/golang/array/newarray.go:96.5,96.46 1 0
Algorithm-Datastruct/golang/array/newarray.go:93.84,95.6 1 0
Algorithm-Datastruct/golang/array/newarray.go:96.46,98.6 1 0
Algorithm-Datastruct/golang/array/newarray.go:99.10,100.84 1 0
Algorithm-Datastruct/golang/array/newarray.go:103.5,103.46 1 0
Algorithm-Datastruct/golang/array/newarray.go:100.84,102.6 1 0
Algorithm-Datastruct/golang/array/newarray.go:103.46,105.6 1 0
Algorithm-Datastruct/golang/array/newarray.go:107.9,108.28 1 0
Algorithm-Datastruct/golang/array/newarray.go:127.4,127.9 1 0
Algorithm-Datastruct/golang/array/newarray.go:108.28,109.9 1 0
Algorithm-Datastruct/golang/array/newarray.go:109.9,110.29 1 0
Algorithm-Datastruct/golang/array/newarray.go:110.29,113.7 2 0
Algorithm-Datastruct/golang/array/newarray.go:113.12,114.12 1 0
Algorithm-Datastruct/golang/array/newarray.go:117.10,117.35 1 0
Algorithm-Datastruct/golang/array/newarray.go:117.35,118.9 1 0
Algorithm-Datastruct/golang/array/newarray.go:118.9,119.29 1 0
Algorithm-Datastruct/golang/array/newarray.go:119.29,122.7 2 0
Algorithm-Datastruct/golang/array/newarray.go:122.12,123.12 1 0
Algorithm-Datastruct/golang/array/newarray.go:133.36,134.30 1 0
Algorithm-Datastruct/golang/array/newarray.go:134.30,135.9 1 0
Algorithm-Datastruct/golang/array/newarray.go:136.9,136.39 1 0
Algorithm-Datastruct/golang/array/newarray.go:136.39,137.12 1 0
Algorithm-Datastruct/golang/array/newarray.go:138.9,140.9 2 0
Algorithm-Datastruct/golang/array/newarray.go:143.11,145.3 1 0
Algorithm-Datastruct/golang/array/newarray.go:145.8,147.3 1 0
Algorithm-Datastruct/golang/Tree/binarysearch.go:7.37,8.6 1 1
Algorithm-Datastruct/golang/Tree/binarysearch.go:8.6,9.18 1 1
Algorithm-Datastruct/golang/Tree/binarysearch.go:9.18,10.26 1 1
Algorithm-Datastruct/golang/Tree/binarysearch.go:10.26,11.26 1 1
Algorithm-Datastruct/golang/Tree/binarysearch.go:15.5,15.22 1 1
Algorithm-Datastruct/golang/Tree/binarysearch.go:11.26,14.6 2 1
Algorithm-Datastruct/golang/Tree/binarysearch.go:16.10,16.33 1 1
Algorithm-Datastruct/golang/Tree/binarysearch.go:16.33,17.25 1 1
Algorithm-Datastruct/golang/Tree/binarysearch.go:21.5,21.21 1 1
Algorithm-Datastruct/golang/Tree/binarysearch.go:17.25,20.6 2 1
Algorithm-Datastruct/golang/Tree/binarysearch.go:22.10,22.34 1 0
Algorithm-Datastruct/golang/Tree/binarysearch.go:22.34,24.5 1 0
Algorithm-Datastruct/golang/Tree/binarysearch.go:29.42,30.6 1 1
Algorithm-Datastruct/golang/Tree/binarysearch.go:30.6,31.18 1 1
Algorithm-Datastruct/golang/Tree/binarysearch.go:34.3,34.26 1 1
Algorithm-Datastruct/golang/Tree/binarysearch.go:37.3,37.25 1 1
Algorithm-Datastruct/golang/Tree/binarysearch.go:31.18,33.4 1 0
Algorithm-Datastruct/golang/Tree/binarysearch.go:34.26,36.4 1 1
Algorithm-Datastruct/golang/Tree/binarysearch.go:37.25,39.4 1 0
Algorithm-Datastruct/golang/Tree/binarysearch.go:39.9,41.4 1 1
Algorithm-Datastruct/golang/Tree/binarysearch.go:45.56,47.6 2 1
Algorithm-Datastruct/golang/Tree/binarysearch.go:62.2,62.23 1 1
Algorithm-Datastruct/golang/Tree/binarysearch.go:65.2,65.61 1 1
Algorithm-Datastruct/golang/Tree/binarysearch.go:47.6,48.18 1 1
Algorithm-Datastruct/golang/Tree/binarysearch.go:51.3,51.26 1 1
Algorithm-Datastruct/golang/Tree/binarysearch.go:54.3,54.25 1 1
Algorithm-Datastruct/golang/Tree/binarysearch.go:48.18,50.4 1 0
Algorithm-Datastruct/golang/Tree/binarysearch.go:51.26,52.9 1 1
Algorithm-Datastruct/golang/Tree/binarysearch.go:54.25,57.4 2 1
Algorithm-Datastruct/golang/Tree/binarysearch.go:57.9,60.4 2 1
Algorithm-Datastruct/golang/Tree/binarysearch.go:62.23,64.3 1 1
Algorithm-Datastruct/golang/Tree/binarysearch.go:68.45,72.6 3 1
Algorithm-Datastruct/golang/Tree/binarysearch.go:88.2,88.43 1 1
Algorithm-Datastruct/golang/Tree/binarysearch.go:107.2,107.28 1 1
Algorithm-Datastruct/golang/Tree/binarysearch.go:121.2,122.22 2 1
Algorithm-Datastruct/golang/Tree/binarysearch.go:130.2,130.30 1 1
Algorithm-Datastruct/golang/Tree/binarysearch.go:135.2,135.19 1 1
Algorithm-Datastruct/golang/Tree/binarysearch.go:72.6,73.18 1 1
Algorithm-Datastruct/golang/Tree/binarysearch.go:73.18,76.4 2 1
Algorithm-Datastruct/golang/Tree/binarysearch.go:76.9,76.32 1 1
Algorithm-Datastruct/golang/Tree/binarysearch.go:76.32,79.4 2 1
Algorithm-Datastruct/golang/Tree/binarysearch.go:79.9,79.32 1 1
Algorithm-Datastruct/golang/Tree/binarysearch.go:79.32,82.4 2 1
Algorithm-Datastruct/golang/Tree/binarysearch.go:82.9,82.33 1 1
Algorithm-Datastruct/golang/Tree/binarysearch.go:82.33,83.9 1 1
Algorithm-Datastruct/golang/Tree/binarysearch.go:88.43,91.7 3 1
Algorithm-Datastruct/golang/Tree/binarysearch.go:99.3,101.21 3 1
Algorithm-Datastruct/golang/Tree/binarysearch.go:91.7,92.24 1 1
Algorithm-Datastruct/golang/Tree/binarysearch.go:92.24,95.5 2 0
Algorithm-Datastruct/golang/Tree/binarysearch.go:95.10,96.10 1 1
Algorithm-Datastruct/golang/Tree/binarysearch.go:107.28,109.23 2 1
Algorithm-Datastruct/golang/Tree/binarysearch.go:116.3,116.15 1 1
Algorithm-Datastruct/golang/Tree/binarysearch.go:109.23,111.4 1 1
Algorithm-Datastruct/golang/Tree/binarysearch.go:111.9,111.31 1 1
Algorithm-Datastruct/golang/Tree/binarysearch.go:111.31,113.4 1 0
Algorithm-Datastruct/golang/Tree/binarysearch.go:113.9,115.4 1 1
Algorithm-Datastruct/golang/Tree/binarysearch.go:122.22,124.3 1 1
Algorithm-Datastruct/golang/Tree/binarysearch.go:124.8,124.30 1 1
Algorithm-Datastruct/golang/Tree/binarysearch.go:124.30,126.3 1 0
Algorithm-Datastruct/golang/Tree/binarysearch.go:126.8,128.3 1 1
Algorithm-Datastruct/golang/Tree/binarysearch.go:130.30,132.3 1 1
Algorithm-Datastruct/golang/Tree/binarysearch.go:132.8,132.36 1 1
Algorithm-Datastruct/golang/Tree/binarysearch.go:132.36,134.3 1 1
Algorithm-Datastruct/golang/Tree/linkedtree.go:14.31,16.2 1 1
Algorithm-Datastruct/golang/Tree/linkedtree.go:18.35,24.2 4 0
Algorithm-Datastruct/golang/Tree/linkedtree.go:26.33,27.37 1 1
Algorithm-Datastruct/golang/Tree/linkedtree.go:30.2,30.24 1 1
Algorithm-Datastruct/golang/Tree/linkedtree.go:27.37,29.3 1 0
Algorithm-Datastruct/golang/Tree/linkedtree.go:33.34,34.38 1 1
Algorithm-Datastruct/golang/Tree/linkedtree.go:37.2,37.25 1 1
Algorithm-Datastruct/golang/Tree/linkedtree.go:34.38,36.3 1 1
Algorithm-Datastruct/golang/Tree/linkedtree.go:40.44,41.22 1 1
Algorithm-Datastruct/golang/Tree/linkedtree.go:41.22,45.3 3 1
Algorithm-Datastruct/golang/Tree/linkedtree.go:45.8,47.3 1 0
Algorithm-Datastruct/golang/Tree/linkedtree.go:50.45,51.23 1 1
Algorithm-Datastruct/golang/Tree/linkedtree.go:51.23,55.3 3 1
Algorithm-Datastruct/golang/Tree/linkedtree.go:55.8,57.3 1 0
Algorithm-Datastruct/golang/Tree/linkedtree.go:60.35,62.2 0 0
Algorithm-Datastruct/golang/Tree/linkedtree.go:64.48,65.17 1 1
Algorithm-Datastruct/golang/Tree/linkedtree.go:69.2,72.15 4 1
Algorithm-Datastruct/golang/Tree/linkedtree.go:65.17,68.3 1 1
Algorithm-Datastruct/golang/Tree/linkedtree.go:75.51,76.17 1 1
Algorithm-Datastruct/golang/Tree/linkedtree.go:79.2,82.15 4 1
Algorithm-Datastruct/golang/Tree/linkedtree.go:76.17,78.3 1 1
Algorithm-Datastruct/golang/Tree/linkedtree.go:85.51,86.17 1 1
Algorithm-Datastruct/golang/Tree/linkedtree.go:89.2,92.15 4 1
Algorithm-Datastruct/golang/Tree/linkedtree.go:86.17,88.3 1 1
Algorithm-Datastruct/golang/Tree/linkedtree.go:95.50,96.17 1 1
Algorithm-Datastruct/golang/Tree/linkedtree.go:99.2,101.21 3 1
Algorithm-Datastruct/golang/Tree/linkedtree.go:112.2,112.15 1 1
Algorithm-Datastruct/golang/Tree/linkedtree.go:96.17,98.3 1 0
Algorithm-Datastruct/golang/Tree/linkedtree.go:101.21,105.23 4 1
Algorithm-Datastruct/golang/Tree/linkedtree.go:108.3,108.24 1 1
Algorithm-Datastruct/golang/Tree/linkedtree.go:105.23,107.4 1 1
Algorithm-Datastruct/golang/Tree/linkedtree.go:108.24,110.4 1 1
Algorithm-Datastruct/golang/Tree/linkedtree.go:115.33,117.17 2 1
Algorithm-Datastruct/golang/Tree/linkedtree.go:120.2,123.21 3 1
Algorithm-Datastruct/golang/Tree/linkedtree.go:134.2,134.15 1 1
Algorithm-Datastruct/golang/Tree/linkedtree.go:117.17,119.3 1 0
Algorithm-Datastruct/golang/Tree/linkedtree.go:123.21,127.23 4 1
Algorithm-Datastruct/golang/Tree/linkedtree.go:130.3,130.24 1 1
Algorithm-Datastruct/golang/Tree/linkedtree.go:127.23,129.4 1 1
Algorithm-Datastruct/golang/Tree/linkedtree.go:130.24,132.4 1 1
Algorithm-Datastruct/golang/String/BF/BF.go:5.46,8.49 3 1
Algorithm-Datastruct/golang/String/BF/BF.go:13.2,14.14 2 1
Algorithm-Datastruct/golang/String/BF/BF.go:8.49,9.41 1 1
Algorithm-Datastruct/golang/String/BF/BF.go:9.41,11.4 1 1
Algorithm-Datastruct/golang/String/BF/BF.go:22.37,25.40 3 1
Algorithm-Datastruct/golang/String/BF/BF.go:28.2,29.19 2 1
Algorithm-Datastruct/golang/String/BF/BF.go:25.40,27.3 1 1
Algorithm-Datastruct/golang/linklist/linklist.go:17.39,19.2 1 1
Algorithm-Datastruct/golang/linklist/linklist.go:21.43,23.2 1 1
Algorithm-Datastruct/golang/linklist/linklist.go:25.38,27.2 1 1
Algorithm-Datastruct/golang/linklist/linklist.go:29.43,31.2 1 0
Algorithm-Datastruct/golang/linklist/linklist.go:33.35,35.6 2 1
Algorithm-Datastruct/golang/linklist/linklist.go:43.2,43.15 1 1
Algorithm-Datastruct/golang/linklist/linklist.go:35.6,36.17 1 1
Algorithm-Datastruct/golang/linklist/linklist.go:36.17,39.4 2 1
Algorithm-Datastruct/golang/linklist/linklist.go:39.9,40.9 1 1
Algorithm-Datastruct/golang/linklist/linklist.go:46.75,49.6 3 0
Algorithm-Datastruct/golang/linklist/linklist.go:49.6,50.17 1 0
Algorithm-Datastruct/golang/linklist/linklist.go:50.17,51.26 1 0
Algorithm-Datastruct/golang/linklist/linklist.go:51.26,53.5 1 0
Algorithm-Datastruct/golang/linklist/linklist.go:53.10,56.5 2 0
Algorithm-Datastruct/golang/linklist/linklist.go:57.9,59.4 1 0
Algorithm-Datastruct/golang/linklist/linklist.go:63.47,69.2 5 0
Algorithm-Datastruct/golang/linklist/linklist.go:71.47,74.6 3 1
Algorithm-Datastruct/golang/linklist/linklist.go:74.6,75.22 1 1
Algorithm-Datastruct/golang/linklist/linklist.go:75.22,77.4 1 1
Algorithm-Datastruct/golang/linklist/linklist.go:77.9,81.4 3 1
Algorithm-Datastruct/golang/linklist/linklist.go:85.58,86.38 1 1
Algorithm-Datastruct/golang/linklist/linklist.go:90.2,91.29 2 1
Algorithm-Datastruct/golang/linklist/linklist.go:94.2,94.13 1 1
Algorithm-Datastruct/golang/linklist/linklist.go:86.38,89.3 2 0
Algorithm-Datastruct/golang/linklist/linklist.go:91.29,93.3 1 0
Algorithm-Datastruct/golang/linklist/linklist.go:98.59,99.38 1 0
Algorithm-Datastruct/golang/linklist/linklist.go:103.2,105.29 3 0
Algorithm-Datastruct/golang/linklist/linklist.go:108.2,112.15 5 0
Algorithm-Datastruct/golang/linklist/linklist.go:99.38,102.3 2 0
Algorithm-Datastruct/golang/linklist/linklist.go:105.29,107.3 1 0
Algorithm-Datastruct/golang/linklist/linklist.go:115.36,116.22 1 0
Algorithm-Datastruct/golang/linklist/linklist.go:116.22,120.3 3 0
Algorithm-Datastruct/golang/linklist/linklist.go:127.49,129.6 2 1
Algorithm-Datastruct/golang/linklist/linklist.go:129.6,130.22 1 1
Algorithm-Datastruct/golang/linklist/linklist.go:130.22,132.4 1 1
Algorithm-Datastruct/golang/linklist/linklist.go:132.9,134.4 1 1
Algorithm-Datastruct/golang/linklist/linklist.go:138.13,159.2 8 0
Algorithm-Datastruct/golang/linklist/linklist.go:161.14,174.2 10 0
Algorithm-Datastruct/golang/linklist/linklist.go:176.12,180.26 4 0
Algorithm-Datastruct/golang/linklist/linklist.go:184.2,190.36 6 0
Algorithm-Datastruct/golang/linklist/linklist.go:180.26,183.3 2 0
Algorithm-Datastruct/golang/linklist/linklist.go:193.85,200.6 5 0
Algorithm-Datastruct/golang/linklist/linklist.go:213.2,213.27 1 0
Algorithm-Datastruct/golang/linklist/linklist.go:218.2,218.18 1 0
Algorithm-Datastruct/golang/linklist/linklist.go:200.6,201.54 1 0
Algorithm-Datastruct/golang/linklist/linklist.go:201.54,202.63 1 0
Algorithm-Datastruct/golang/linklist/linklist.go:202.63,205.5 2 0
Algorithm-Datastruct/golang/linklist/linklist.go:205.10,208.5 2 0
Algorithm-Datastruct/golang/linklist/linklist.go:209.9,210.9 1 0
Algorithm-Datastruct/golang/linklist/linklist.go:213.27,215.3 1 0
Algorithm-Datastruct/golang/linklist/linklist.go:215.8,217.3 1 0
Algorithm-Datastruct/golang/linklist/linklist.go:221.38,225.75 2 0
Algorithm-Datastruct/golang/linklist/linklist.go:225.75,226.17 1 0
Algorithm-Datastruct/golang/linklist/linklist.go:226.17,228.4 1 0
Algorithm-Datastruct/golang/linklist/linklist.go:228.9,233.4 4 0
Algorithm-Datastruct/golang/linklist/linklist.go:234.8,236.29 1 0
Algorithm-Datastruct/golang/linklist/linklist.go:236.29,238.4 1 0
Algorithm-Datastruct/golang/linklist/linklist.go:238.9,242.4 3 0
Algorithm-Datastruct/golang/linklist/linklist.go:247.50,248.22 1 1
Algorithm-Datastruct/golang/linklist/linklist.go:251.2,253.38 2 1
Algorithm-Datastruct/golang/linklist/linklist.go:257.2,257.13 1 1
Algorithm-Datastruct/golang/linklist/linklist.go:248.22,250.3 1 0
Algorithm-Datastruct/golang/linklist/linklist.go:253.38,256.3 2 1
Algorithm-Datastruct/golang/linklist/linklist.go:265.33,271.15 6 1
Algorithm-Datastruct/golang/linklist/linklist.go:277.2,278.18 2 1
Algorithm-Datastruct/golang/linklist/linklist.go:271.15,276.3 4 1
Algorithm-Datastruct/golang/linklist/linklist.go:281.49,282.22 1 0
Algorithm-Datastruct/golang/linklist/linklist.go:285.2,288.16 4 0
Algorithm-Datastruct/golang/linklist/linklist.go:282.22,284.3 1 0
Algorithm-Datastruct/golang/linklist/linklist.go:291.50,292.22 1 0
Algorithm-Datastruct/golang/linklist/linklist.go:295.2,300.16 4 0
Algorithm-Datastruct/golang/linklist/linklist.go:292.22,294.3 1 0
Algorithm-Datastruct/golang/linklist/linklist.go:314.50,315.22 1 0
Algorithm-Datastruct/golang/linklist/linklist.go:318.2,321.16 4 0
Algorithm-Datastruct/golang/linklist/linklist.go:315.22,317.3 1 0
Algorithm-Datastruct/golang/linklist/linklist.go:325.34,331.15 6 0
Algorithm-Datastruct/golang/linklist/linklist.go:337.2,338.18 2 0
Algorithm-Datastruct/golang/linklist/linklist.go:331.15,336.3 4 0
Algorithm-Datastruct/golang/heap/heap.go:9.34,17.2 2 1
Algorithm-Datastruct/golang/heap/heap.go:19.43,24.33 2 1
Algorithm-Datastruct/golang/heap/heap.go:29.2,32.6 3 1
Algorithm-Datastruct/golang/heap/heap.go:24.33,27.3 2 1
Algorithm-Datastruct/golang/heap/heap.go:32.6,34.61 1 1
Algorithm-Datastruct/golang/heap/heap.go:34.61,37.4 2 1
Algorithm-Datastruct/golang/heap/heap.go:37.9,38.9 1 1
Algorithm-Datastruct/golang/heap/heap.go:43.45,45.33 2 1
Algorithm-Datastruct/golang/heap/heap.go:49.2,51.6 3 1
Algorithm-Datastruct/golang/heap/heap.go:45.33,48.3 2 0
Algorithm-Datastruct/golang/heap/heap.go:51.6,52.59 1 1
Algorithm-Datastruct/golang/heap/heap.go:52.59,55.4 2 1
Algorithm-Datastruct/golang/heap/heap.go:55.9,56.9 1 1
Algorithm-Datastruct/golang/heap/heap.go:67.34,68.21 1 1
Algorithm-Datastruct/golang/heap/heap.go:71.2,77.6 6 1
Algorithm-Datastruct/golang/heap/heap.go:90.2,90.8 1 1
Algorithm-Datastruct/golang/heap/heap.go:68.21,70.3 1 0
Algorithm-Datastruct/golang/heap/heap.go:77.6,78.69 1 1
Algorithm-Datastruct/golang/heap/heap.go:81.3,81.75 1 1
Algorithm-Datastruct/golang/heap/heap.go:84.3,86.28 3 1
Algorithm-Datastruct/golang/heap/heap.go:78.69,80.4 1 1
Algorithm-Datastruct/golang/heap/heap.go:81.75,83.4 1 1
Algorithm-Datastruct/golang/heap/heap.go:86.28,87.9 1 1
Algorithm-Datastruct/golang/heap/heap.go:93.36,95.21 1 1
Algorithm-Datastruct/golang/heap/heap.go:98.2,104.6 6 1
Algorithm-Datastruct/golang/heap/heap.go:118.2,118.8 1 1
Algorithm-Datastruct/golang/heap/heap.go:95.21,97.3 1 0
Algorithm-Datastruct/golang/heap/heap.go:104.6,105.69 1 1
Algorithm-Datastruct/golang/heap/heap.go:108.3,108.75 1 1
Algorithm-Datastruct/golang/heap/heap.go:111.3,114.28 3 1
Algorithm-Datastruct/golang/heap/heap.go:105.69,107.4 1 1
Algorithm-Datastruct/golang/heap/heap.go:108.75,110.4 1 1
Algorithm-Datastruct/golang/heap/heap.go:114.28,115.9 1 1
Algorithm-Datastruct/golang/heap/heap.go:121.26,123.50 1 1
Algorithm-Datastruct/golang/heap/heap.go:130.2,130.30 1 1
Algorithm-Datastruct/golang/heap/heap.go:123.50,128.3 2 1
Algorithm-Datastruct/golang/heap/heap.go:130.30,132.3 1 1
Algorithm-Datastruct/golang/heap/heap.go:135.42,136.6 1 1
Algorithm-Datastruct/golang/heap/heap.go:136.6,139.82 2 1
Algorithm-Datastruct/golang/heap/heap.go:143.3,143.83 1 1
Algorithm-Datastruct/golang/heap/heap.go:147.3,147.19 1 1
Algorithm-Datastruct/golang/heap/heap.go:150.3,151.22 2 1
Algorithm-Datastruct/golang/heap/heap.go:139.82,141.4 1 1
Algorithm-Datastruct/golang/heap/heap.go:143.83,145.4 1 1
Algorithm-Datastruct/golang/heap/heap.go:147.19,148.9 1 1
Algorithm-Datastruct/golang/heap/heap.go:156.47,157.6 1 1
Algorithm-Datastruct/golang/heap/heap.go:157.6,160.82 2 1
Algorithm-Datastruct/golang/heap/heap.go:164.3,164.83 1 1
Algorithm-Datastruct/golang/heap/heap.go:168.3,168.19 1 1
Algorithm-Datastruct/golang/heap/heap.go:171.3,172.22 2 1
Algorithm-Datastruct/golang/heap/heap.go:160.82,162.4 1 1
Algorithm-Datastruct/golang/heap/heap.go:164.83,166.4 1 0
Algorithm-Datastruct/golang/heap/heap.go:168.19,169.9 1 1
Algorithm-Datastruct/golang/heap/heap.go:177.30,178.21 1 1
Algorithm-Datastruct/golang/heap/heap.go:181.2,186.6 5 1
Algorithm-Datastruct/golang/heap/heap.go:203.2,203.8 1 1
Algorithm-Datastruct/golang/heap/heap.go:178.21,180.3 1 0
Algorithm-Datastruct/golang/heap/heap.go:186.6,187.69 1 1
Algorithm-Datastruct/golang/heap/heap.go:190.3,190.75 1 1
Algorithm-Datastruct/golang/heap/heap.go:193.3,196.28 3 1
Algorithm-Datastruct/golang/heap/heap.go:187.69,189.4 1 1
Algorithm-Datastruct/golang/heap/heap.go:190.75,192.4 1 1
Algorithm-Datastruct/golang/heap/heap.go:196.28,199.9 1 1
Algorithm-Datastruct/golang/heap/porityqueue.go:7.51,11.62 3 1
Algorithm-Datastruct/golang/heap/porityqueue.go:19.2,21.6 3 1
Algorithm-Datastruct/golang/heap/porityqueue.go:40.2,41.37 2 1
Algorithm-Datastruct/golang/heap/porityqueue.go:47.2,47.49 1 1
Algorithm-Datastruct/golang/heap/porityqueue.go:53.2,53.20 1 1
Algorithm-Datastruct/golang/heap/porityqueue.go:11.62,12.48 1 1
Algorithm-Datastruct/golang/heap/porityqueue.go:12.48,15.4 2 1
Algorithm-Datastruct/golang/heap/porityqueue.go:21.6,24.26 2 1
Algorithm-Datastruct/golang/heap/porityqueue.go:33.3,33.47 1 1
Algorithm-Datastruct/golang/heap/porityqueue.go:24.26,28.4 3 1
Algorithm-Datastruct/golang/heap/porityqueue.go:28.9,32.4 3 1
Algorithm-Datastruct/golang/heap/porityqueue.go:33.47,35.9 2 1
Algorithm-Datastruct/golang/heap/porityqueue.go:41.37,44.3 2 1
Algorithm-Datastruct/golang/heap/porityqueue.go:47.49,48.17 1 1
Algorithm-Datastruct/golang/heap/porityqueue.go:48.17,51.4 2 1
Algorithm-Datastruct/golang/heap/porityqueue.go:56.34,57.34 1 1
Algorithm-Datastruct/golang/heap/porityqueue.go:63.2,63.11 1 0
Algorithm-Datastruct/golang/heap/porityqueue.go:57.34,58.20 1 1
Algorithm-Datastruct/golang/heap/porityqueue.go:58.20,61.4 1 1
Algorithm-Datastruct/golang/heap/porityqueue.go:67.46,70.34 3 1
Algorithm-Datastruct/golang/heap/porityqueue.go:78.2,80.37 3 1
Algorithm-Datastruct/golang/heap/porityqueue.go:86.2,86.21 1 1
Algorithm-Datastruct/golang/heap/porityqueue.go:89.2,89.18 1 1
Algorithm-Datastruct/golang/heap/porityqueue.go:70.34,72.35 1 1
Algorithm-Datastruct/golang/heap/porityqueue.go:72.35,74.4 1 1
Algorithm-Datastruct/golang/heap/porityqueue.go:74.9,76.4 1 1
Algorithm-Datastruct/golang/heap/porityqueue.go:80.37,81.18 1 1
Algorithm-Datastruct/golang/heap/porityqueue.go:81.18,84.4 2 1
Algorithm-Datastruct/golang/heap/porityqueue.go:86.21,88.3 1 1
Algorithm-Datastruct/golang/heap/Top.go:3.41,6.33 2 1
Algorithm-Datastruct/golang/heap/Top.go:6.33,8.27 2 1
Algorithm-Datastruct/golang/heap/Top.go:12.3,12.51 1 1
Algorithm-Datastruct/golang/heap/Top.go:19.3,19.9 1 1
Algorithm-Datastruct/golang/heap/Top.go:8.27,10.4 1 1
Algorithm-Datastruct/golang/heap/Top.go:12.51,17.4 2 1
Algorithm-Datastruct/golang/heap/Top.go:20.8,24.7 3 1
Algorithm-Datastruct/golang/heap/Top.go:24.7,25.60 1 1
Algorithm-Datastruct/golang/heap/Top.go:25.60,28.5 2 1
Algorithm-Datastruct/golang/heap/Top.go:28.10,29.10 1 1
Algorithm-Datastruct/golang/heap/Top.go:36.39,38.2 1 1
Algorithm-Datastruct/golang/skiplist/zpyuskiplist.go:24.38,26.2 1 1
Algorithm-Datastruct/golang/skiplist/zpyuskiplist.go:28.30,31.2 2 1
Algorithm-Datastruct/golang/skiplist/zpyuskiplist.go:33.30,35.79 2 1
Algorithm-Datastruct/golang/skiplist/zpyuskiplist.go:38.2,38.14 1 1
Algorithm-Datastruct/golang/skiplist/zpyuskiplist.go:35.80,37.3 0 1
Algorithm-Datastruct/golang/skiplist/zpyuskiplist.go:41.51,45.55 3 1
Algorithm-Datastruct/golang/skiplist/zpyuskiplist.go:56.2,58.31 2 1
Algorithm-Datastruct/golang/skiplist/zpyuskiplist.go:66.2,67.44 2 1
Algorithm-Datastruct/golang/skiplist/zpyuskiplist.go:45.55,46.82 1 1
Algorithm-Datastruct/golang/skiplist/zpyuskiplist.go:46.82,48.4 1 1
Algorithm-Datastruct/golang/skiplist/zpyuskiplist.go:48.9,49.84 1 1
Algorithm-Datastruct/golang/skiplist/zpyuskiplist.go:52.4,52.34 1 1
Algorithm-Datastruct/golang/skiplist/zpyuskiplist.go:49.84,51.5 1 1
Algorithm-Datastruct/golang/skiplist/zpyuskiplist.go:58.31,59.58 1 1
Algorithm-Datastruct/golang/skiplist/zpyuskiplist.go:62.3,62.28 1 1
Algorithm-Datastruct/golang/skiplist/zpyuskiplist.go:59.58,61.4 1 1
Algorithm-Datastruct/golang/skiplist/zpyuskiplist.go:67.44,70.3 2 1
Algorithm-Datastruct/golang/skiplist/zpyuskiplist.go:74.35,75.55 1 0
Algorithm-Datastruct/golang/skiplist/zpyuskiplist.go:75.55,77.7 2 0
Algorithm-Datastruct/golang/skiplist/zpyuskiplist.go:85.3,85.55 1 0
Algorithm-Datastruct/golang/skiplist/zpyuskiplist.go:77.7,78.22 1 0
Algorithm-Datastruct/golang/skiplist/zpyuskiplist.go:78.22,81.5 2 0
Algorithm-Datastruct/golang/skiplist/zpyuskiplist.go:81.10,82.10 1 0
Algorithm-Datastruct/golang/skiplist/zpyuskiplist.go:89.48,91.55 2 1
Algorithm-Datastruct/golang/skiplist/zpyuskiplist.go:102.2,102.14 1 1
Algorithm-Datastruct/golang/skiplist/zpyuskiplist.go:91.55,92.37 1 1
Algorithm-Datastruct/golang/skiplist/zpyuskiplist.go:92.37,93.43 1 1
Algorithm-Datastruct/golang/skiplist/zpyuskiplist.go:93.43,95.5 1 1
Algorithm-Datastruct/golang/skiplist/zpyuskiplist.go:95.10,95.49 1 1
Algorithm-Datastruct/golang/skiplist/zpyuskiplist.go:95.49,96.10 1 1
Algorithm-Datastruct/golang/skiplist/zpyuskiplist.go:97.10,99.5 1 1
Algorithm-Datastruct/golang/skiplist/zpyuskiplist.go:105.43,107.55 2 1
Algorithm-Datastruct/golang/skiplist/zpyuskiplist.go:107.55,108.37 1 1
Algorithm-Datastruct/golang/skiplist/zpyuskiplist.go:108.37,109.43 1 1
Algorithm-Datastruct/golang/skiplist/zpyuskiplist.go:109.43,111.5 1 1
Algorithm-Datastruct/golang/skiplist/zpyuskiplist.go:111.10,111.49 1 1
Algorithm-Datastruct/golang/skiplist/zpyuskiplist.go:111.49,112.10 1 1
Algorithm-Datastruct/golang/skiplist/zpyuskiplist.go:113.10,115.5 1 1
Algorithm-Datastruct/golang/skiplist/zpyuskiplist.go:120.13,122.27 2 0
Algorithm-Datastruct/golang/skiplist/zpyuskiplist.go:126.2,130.59 5 0
Algorithm-Datastruct/golang/skiplist/zpyuskiplist.go:122.27,124.3 1 0
