mode: atomic
Algorithm-Datastruct/golang/Tree/linkedtree.go:14.31,16.2 1 41
Algorithm-Datastruct/golang/Tree/linkedtree.go:18.35,24.2 4 0
Algorithm-Datastruct/golang/Tree/linkedtree.go:26.33,27.37 1 3
Algorithm-Datastruct/golang/Tree/linkedtree.go:30.2,30.24 1 3
Algorithm-Datastruct/golang/Tree/linkedtree.go:27.37,29.3 1 0
Algorithm-Datastruct/golang/Tree/linkedtree.go:33.34,34.38 1 3
Algorithm-Datastruct/golang/Tree/linkedtree.go:37.2,37.25 1 2
Algorithm-Datastruct/golang/Tree/linkedtree.go:34.38,36.3 1 1
Algorithm-Datastruct/golang/Tree/linkedtree.go:40.44,41.22 1 3
Algorithm-Datastruct/golang/Tree/linkedtree.go:41.22,45.3 3 3
Algorithm-Datastruct/golang/Tree/linkedtree.go:45.8,47.3 1 0
Algorithm-Datastruct/golang/Tree/linkedtree.go:50.45,51.23 1 3
Algorithm-Datastruct/golang/Tree/linkedtree.go:51.23,55.3 3 3
Algorithm-Datastruct/golang/Tree/linkedtree.go:55.8,57.3 1 0
Algorithm-Datastruct/golang/Tree/linkedtree.go:60.35,62.2 0 0
Algorithm-Datastruct/golang/Tree/linkedtree.go:64.48,65.17 1 15
Algorithm-Datastruct/golang/Tree/linkedtree.go:69.2,72.15 4 7
Algorithm-Datastruct/golang/Tree/linkedtree.go:65.17,68.3 1 8
Algorithm-Datastruct/golang/Tree/linkedtree.go:75.51,76.17 1 15
Algorithm-Datastruct/golang/Tree/linkedtree.go:79.2,82.15 4 7
Algorithm-Datastruct/golang/Tree/linkedtree.go:76.17,78.3 1 8
Algorithm-Datastruct/golang/Tree/linkedtree.go:85.51,86.17 1 15
Algorithm-Datastruct/golang/Tree/linkedtree.go:89.2,92.15 4 7
Algorithm-Datastruct/golang/Tree/linkedtree.go:86.17,88.3 1 8
Algorithm-Datastruct/golang/Tree/linkedtree.go:95.50,96.17 1 1
Algorithm-Datastruct/golang/Tree/linkedtree.go:99.2,101.21 3 1
Algorithm-Datastruct/golang/Tree/linkedtree.go:112.2,112.15 1 1
Algorithm-Datastruct/golang/Tree/linkedtree.go:96.17,98.3 1 0
Algorithm-Datastruct/golang/Tree/linkedtree.go:101.21,105.23 4 7
Algorithm-Datastruct/golang/Tree/linkedtree.go:108.3,108.24 1 7
Algorithm-Datastruct/golang/Tree/linkedtree.go:105.23,107.4 1 3
Algorithm-Datastruct/golang/Tree/linkedtree.go:108.24,110.4 1 3
Algorithm-Datastruct/golang/Tree/linkedtree.go:115.33,117.17 2 12
Algorithm-Datastruct/golang/Tree/linkedtree.go:120.2,123.21 3 12
Algorithm-Datastruct/golang/Tree/linkedtree.go:134.2,134.15 1 12
Algorithm-Datastruct/golang/Tree/linkedtree.go:117.17,119.3 1 0
Algorithm-Datastruct/golang/Tree/linkedtree.go:123.21,127.23 4 59
Algorithm-Datastruct/golang/Tree/linkedtree.go:130.3,130.24 1 59
Algorithm-Datastruct/golang/Tree/linkedtree.go:127.23,129.4 1 27
Algorithm-Datastruct/golang/Tree/linkedtree.go:130.24,132.4 1 20
Algorithm-Datastruct/golang/Tree/binarysearch.go:7.37,8.6 1 16
Algorithm-Datastruct/golang/Tree/binarysearch.go:8.6,9.18 1 27
Algorithm-Datastruct/golang/Tree/binarysearch.go:9.18,10.26 1 27
Algorithm-Datastruct/golang/Tree/binarysearch.go:10.26,11.26 1 11
Algorithm-Datastruct/golang/Tree/binarysearch.go:15.5,15.22 1 4
Algorithm-Datastruct/golang/Tree/binarysearch.go:11.26,14.6 2 7
Algorithm-Datastruct/golang/Tree/binarysearch.go:16.10,16.33 1 16
Algorithm-Datastruct/golang/Tree/binarysearch.go:16.33,17.25 1 16
Algorithm-Datastruct/golang/Tree/binarysearch.go:21.5,21.21 1 7
Algorithm-Datastruct/golang/Tree/binarysearch.go:17.25,20.6 2 9
Algorithm-Datastruct/golang/Tree/binarysearch.go:22.10,22.34 1 0
Algorithm-Datastruct/golang/Tree/binarysearch.go:22.34,24.5 1 0
Algorithm-Datastruct/golang/Tree/binarysearch.go:29.42,30.6 1 1
Algorithm-Datastruct/golang/Tree/binarysearch.go:30.6,31.18 1 2
Algorithm-Datastruct/golang/Tree/binarysearch.go:34.3,34.26 1 2
Algorithm-Datastruct/golang/Tree/binarysearch.go:37.3,37.25 1 1
Algorithm-Datastruct/golang/Tree/binarysearch.go:31.18,33.4 1 0
Algorithm-Datastruct/golang/Tree/binarysearch.go:34.26,36.4 1 1
Algorithm-Datastruct/golang/Tree/binarysearch.go:37.25,39.4 1 0
Algorithm-Datastruct/golang/Tree/binarysearch.go:39.9,41.4 1 1
Algorithm-Datastruct/golang/Tree/binarysearch.go:45.56,47.6 2 3
Algorithm-Datastruct/golang/Tree/binarysearch.go:62.2,62.23 1 3
Algorithm-Datastruct/golang/Tree/binarysearch.go:65.2,65.61 1 3
Algorithm-Datastruct/golang/Tree/binarysearch.go:47.6,48.18 1 5
Algorithm-Datastruct/golang/Tree/binarysearch.go:51.3,51.26 1 5
Algorithm-Datastruct/golang/Tree/binarysearch.go:54.3,54.25 1 2
Algorithm-Datastruct/golang/Tree/binarysearch.go:48.18,50.4 1 0
Algorithm-Datastruct/golang/Tree/binarysearch.go:51.26,52.9 1 3
Algorithm-Datastruct/golang/Tree/binarysearch.go:54.25,57.4 2 1
Algorithm-Datastruct/golang/Tree/binarysearch.go:57.9,60.4 2 1
Algorithm-Datastruct/golang/Tree/binarysearch.go:62.23,64.3 1 1
Algorithm-Datastruct/golang/Tree/binarysearch.go:68.45,72.6 3 10
Algorithm-Datastruct/golang/Tree/binarysearch.go:88.2,88.43 1 9
Algorithm-Datastruct/golang/Tree/binarysearch.go:107.2,107.28 1 9
Algorithm-Datastruct/golang/Tree/binarysearch.go:121.2,122.22 2 7
Algorithm-Datastruct/golang/Tree/binarysearch.go:130.2,130.30 1 7
Algorithm-Datastruct/golang/Tree/binarysearch.go:135.2,135.19 1 7
Algorithm-Datastruct/golang/Tree/binarysearch.go:72.6,73.18 1 23
Algorithm-Datastruct/golang/Tree/binarysearch.go:73.18,76.4 2 1
Algorithm-Datastruct/golang/Tree/binarysearch.go:76.9,76.32 1 22
Algorithm-Datastruct/golang/Tree/binarysearch.go:76.32,79.4 2 4
Algorithm-Datastruct/golang/Tree/binarysearch.go:79.9,79.32 1 18
Algorithm-Datastruct/golang/Tree/binarysearch.go:79.32,82.4 2 9
Algorithm-Datastruct/golang/Tree/binarysearch.go:82.9,82.33 1 9
Algorithm-Datastruct/golang/Tree/binarysearch.go:82.33,83.9 1 9
Algorithm-Datastruct/golang/Tree/binarysearch.go:88.43,91.7 3 3
Algorithm-Datastruct/golang/Tree/binarysearch.go:99.3,101.21 3 3
Algorithm-Datastruct/golang/Tree/binarysearch.go:91.7,92.24 1 3
Algorithm-Datastruct/golang/Tree/binarysearch.go:92.24,95.5 2 0
Algorithm-Datastruct/golang/Tree/binarysearch.go:95.10,96.10 1 3
Algorithm-Datastruct/golang/Tree/binarysearch.go:107.28,109.23 2 2
Algorithm-Datastruct/golang/Tree/binarysearch.go:116.3,116.15 1 2
Algorithm-Datastruct/golang/Tree/binarysearch.go:109.23,111.4 1 1
Algorithm-Datastruct/golang/Tree/binarysearch.go:111.9,111.31 1 1
Algorithm-Datastruct/golang/Tree/binarysearch.go:111.31,113.4 1 0
Algorithm-Datastruct/golang/Tree/binarysearch.go:113.9,115.4 1 1
Algorithm-Datastruct/golang/Tree/binarysearch.go:122.22,124.3 1 2
Algorithm-Datastruct/golang/Tree/binarysearch.go:124.8,124.30 1 5
Algorithm-Datastruct/golang/Tree/binarysearch.go:124.30,126.3 1 0
Algorithm-Datastruct/golang/Tree/binarysearch.go:126.8,128.3 1 5
Algorithm-Datastruct/golang/Tree/binarysearch.go:130.30,132.3 1 5
Algorithm-Datastruct/golang/Tree/binarysearch.go:132.8,132.36 1 2
Algorithm-Datastruct/golang/Tree/binarysearch.go:132.36,134.3 1 2
