mode: atomic
Algorithm-Datastruct/golang/heap/Top.go:3.41,6.33 2 7
Algorithm-Datastruct/golang/heap/Top.go:6.33,8.27 2 2
Algorithm-Datastruct/golang/heap/Top.go:12.3,12.51 1 2
Algorithm-Datastruct/golang/heap/Top.go:19.3,19.9 1 2
Algorithm-Datastruct/golang/heap/Top.go:8.27,10.4 1 1
Algorithm-Datastruct/golang/heap/Top.go:12.51,17.4 2 4
Algorithm-Datastruct/golang/heap/Top.go:20.8,24.7 3 5
Algorithm-Datastruct/golang/heap/Top.go:24.7,25.60 1 7
Algorithm-Datastruct/golang/heap/Top.go:25.60,28.5 2 2
Algorithm-Datastruct/golang/heap/Top.go:28.10,29.10 1 5
Algorithm-Datastruct/golang/heap/Top.go:36.39,38.2 1 2
Algorithm-Datastruct/golang/heap/heap.go:9.34,17.2 2 9
Algorithm-Datastruct/golang/heap/heap.go:19.43,24.33 2 10
Algorithm-Datastruct/golang/heap/heap.go:29.2,32.6 3 9
Algorithm-Datastruct/golang/heap/heap.go:24.33,27.3 2 1
Algorithm-Datastruct/golang/heap/heap.go:32.6,34.61 1 12
Algorithm-Datastruct/golang/heap/heap.go:34.61,37.4 2 3
Algorithm-Datastruct/golang/heap/heap.go:37.9,38.9 1 9
Algorithm-Datastruct/golang/heap/heap.go:43.45,45.33 2 21
Algorithm-Datastruct/golang/heap/heap.go:49.2,51.6 3 21
Algorithm-Datastruct/golang/heap/heap.go:45.33,48.3 2 0
Algorithm-Datastruct/golang/heap/heap.go:51.6,52.59 1 28
Algorithm-Datastruct/golang/heap/heap.go:52.59,55.4 2 7
Algorithm-Datastruct/golang/heap/heap.go:55.9,56.9 1 21
Algorithm-Datastruct/golang/heap/heap.go:67.34,68.21 1 3
Algorithm-Datastruct/golang/heap/heap.go:71.2,77.6 6 3
Algorithm-Datastruct/golang/heap/heap.go:90.2,90.8 1 3
Algorithm-Datastruct/golang/heap/heap.go:68.21,70.3 1 0
Algorithm-Datastruct/golang/heap/heap.go:77.6,78.69 1 3
Algorithm-Datastruct/golang/heap/heap.go:81.3,81.75 1 3
Algorithm-Datastruct/golang/heap/heap.go:84.3,86.28 3 3
Algorithm-Datastruct/golang/heap/heap.go:78.69,80.4 1 2
Algorithm-Datastruct/golang/heap/heap.go:81.75,83.4 1 1
Algorithm-Datastruct/golang/heap/heap.go:86.28,87.9 1 3
Algorithm-Datastruct/golang/heap/heap.go:94.36,96.21 1 10
Algorithm-Datastruct/golang/heap/heap.go:99.2,105.6 6 10
Algorithm-Datastruct/golang/heap/heap.go:119.2,119.8 1 10
Algorithm-Datastruct/golang/heap/heap.go:96.21,98.3 1 0
Algorithm-Datastruct/golang/heap/heap.go:105.6,106.69 1 16
Algorithm-Datastruct/golang/heap/heap.go:109.3,109.75 1 16
Algorithm-Datastruct/golang/heap/heap.go:112.3,115.28 3 16
Algorithm-Datastruct/golang/heap/heap.go:106.69,108.4 1 14
Algorithm-Datastruct/golang/heap/heap.go:109.75,111.4 1 4
Algorithm-Datastruct/golang/heap/heap.go:115.28,116.9 1 10
Algorithm-Datastruct/golang/heap/heap.go:125.26,127.50 1 2
Algorithm-Datastruct/golang/heap/heap.go:134.2,134.30 1 2
Algorithm-Datastruct/golang/heap/heap.go:127.50,132.3 2 5
Algorithm-Datastruct/golang/heap/heap.go:134.30,136.3 1 9
Algorithm-Datastruct/golang/heap/heap.go:139.42,140.6 1 5
Algorithm-Datastruct/golang/heap/heap.go:140.6,143.82 2 12
Algorithm-Datastruct/golang/heap/heap.go:147.3,147.83 1 12
Algorithm-Datastruct/golang/heap/heap.go:151.3,151.19 1 12
Algorithm-Datastruct/golang/heap/heap.go:154.3,155.22 2 7
Algorithm-Datastruct/golang/heap/heap.go:143.82,145.4 1 7
Algorithm-Datastruct/golang/heap/heap.go:147.83,149.4 1 3
Algorithm-Datastruct/golang/heap/heap.go:151.19,152.9 1 5
Algorithm-Datastruct/golang/heap/heap.go:160.47,161.6 1 4
Algorithm-Datastruct/golang/heap/heap.go:161.6,164.82 2 5
Algorithm-Datastruct/golang/heap/heap.go:168.3,168.83 1 5
Algorithm-Datastruct/golang/heap/heap.go:172.3,172.19 1 5
Algorithm-Datastruct/golang/heap/heap.go:175.3,176.22 2 1
Algorithm-Datastruct/golang/heap/heap.go:164.82,166.4 1 1
Algorithm-Datastruct/golang/heap/heap.go:168.83,170.4 1 0
Algorithm-Datastruct/golang/heap/heap.go:172.19,173.9 1 4
Algorithm-Datastruct/golang/heap/heap.go:181.30,182.21 1 9
Algorithm-Datastruct/golang/heap/heap.go:185.2,190.6 5 9
Algorithm-Datastruct/golang/heap/heap.go:208.2,208.8 1 9
Algorithm-Datastruct/golang/heap/heap.go:182.21,184.3 1 0
Algorithm-Datastruct/golang/heap/heap.go:190.6,191.69 1 10
Algorithm-Datastruct/golang/heap/heap.go:194.3,194.75 1 10
Algorithm-Datastruct/golang/heap/heap.go:197.3,200.28 3 10
Algorithm-Datastruct/golang/heap/heap.go:191.69,193.4 1 5
Algorithm-Datastruct/golang/heap/heap.go:194.75,196.4 1 1
Algorithm-Datastruct/golang/heap/heap.go:200.28,203.9 1 9
Algorithm-Datastruct/golang/heap/porityqueue.go:7.47,11.55 3 1
Algorithm-Datastruct/golang/heap/porityqueue.go:19.2,21.6 3 1
Algorithm-Datastruct/golang/heap/porityqueue.go:40.2,41.34 2 1
Algorithm-Datastruct/golang/heap/porityqueue.go:47.2,47.47 1 1
Algorithm-Datastruct/golang/heap/porityqueue.go:53.2,53.20 1 1
Algorithm-Datastruct/golang/heap/porityqueue.go:11.55,12.44 1 2
Algorithm-Datastruct/golang/heap/porityqueue.go:12.44,15.4 2 6
Algorithm-Datastruct/golang/heap/porityqueue.go:21.6,24.25 2 7
Algorithm-Datastruct/golang/heap/porityqueue.go:33.3,33.52 1 7
Algorithm-Datastruct/golang/heap/porityqueue.go:24.25,28.4 3 4
Algorithm-Datastruct/golang/heap/porityqueue.go:28.8,32.4 3 3
Algorithm-Datastruct/golang/heap/porityqueue.go:33.52,35.9 2 1
Algorithm-Datastruct/golang/heap/porityqueue.go:41.34,44.3 2 6
Algorithm-Datastruct/golang/heap/porityqueue.go:47.47,48.16 1 7
Algorithm-Datastruct/golang/heap/porityqueue.go:48.16,51.4 2 1
Algorithm-Datastruct/golang/heap/porityqueue.go:57.32,58.28 1 14
Algorithm-Datastruct/golang/heap/porityqueue.go:64.2,64.11 1 0
Algorithm-Datastruct/golang/heap/porityqueue.go:58.28,59.19 1 74
Algorithm-Datastruct/golang/heap/porityqueue.go:59.19,62.4 1 14
Algorithm-Datastruct/golang/heap/porityqueue.go:68.44,71.28 3 7
Algorithm-Datastruct/golang/heap/porityqueue.go:79.2,81.36 3 7
Algorithm-Datastruct/golang/heap/porityqueue.go:87.2,87.20 1 7
Algorithm-Datastruct/golang/heap/porityqueue.go:90.2,90.18 1 6
Algorithm-Datastruct/golang/heap/porityqueue.go:71.28,73.32 1 14
Algorithm-Datastruct/golang/heap/porityqueue.go:73.32,75.4 1 1
Algorithm-Datastruct/golang/heap/porityqueue.go:75.8,77.4 1 13
Algorithm-Datastruct/golang/heap/porityqueue.go:81.36,82.17 1 14
Algorithm-Datastruct/golang/heap/porityqueue.go:82.17,85.4 2 13
Algorithm-Datastruct/golang/heap/porityqueue.go:87.20,89.3 1 1
