mode: set
Algorithm-Datastruct/golang/Graph/matrixGraph/graphstore.go:27.37,30.24 2 1
Algorithm-Datastruct/golang/Graph/matrixGraph/graphstore.go:35.2,40.3 1 1
Algorithm-Datastruct/golang/Graph/matrixGraph/graphstore.go:30.24,33.3 2 1
Algorithm-Datastruct/golang/Graph/matrixGraph/graphstore.go:43.43,44.25 1 1
Algorithm-Datastruct/golang/Graph/matrixGraph/graphstore.go:47.2,48.13 2 1
Algorithm-Datastruct/golang/Graph/matrixGraph/graphstore.go:44.25,46.3 1 0
Algorithm-Datastruct/golang/Graph/matrixGraph/graphstore.go:52.52,58.2 5 1
